GROUP,PACKAGE,CLASS,INSTRUCTION_MISSED,INSTRUCTION_COVERED,BRANCH_MISSED,BRANCH_COVERED,LINE_MISSED,LINE_COVERED,COMPLEXITY_MISSED,COMPLEXITY_COVERED,METHOD_MISSED,METHOD_COVERED
SmartStore,com.smartstore.ui,MainFrame,16,0,0,0,6,0,1,0,1,0
SmartStore,com.smartstore.model,Proveedor,41,142,12,16,12,38,17,15,5,13
SmartStore,com.smartstore.model,Producto,91,173,20,20,24,52,25,19,7,17
SmartStore,com.smartstore.model,Categoria,16,98,7,9,6,26,7,13,1,11
SmartStore,com.smartstore.model,Cliente,114,54,23,3,30,19,24,7,12,6
SmartStore,com.smartstore,Main,12,0,0,0,5,0,3,0,3,0
SmartStore,com.smartstore.service,InventarioService,17,102,6,10,6,24,7,8,1,6
