<?xml version="1.0" encoding="UTF-8"?>
<testsuite xmlns:xsi="http://www.w3.org/2001/XMLSchema-instance" xsi:noNamespaceSchemaLocation="https://maven.apache.org/surefire/maven-surefire-plugin/xsd/surefire-test-report-3.0.xsd" version="3.0" name="com.smartstore.model.DetallePedidoTest" time="0.384" tests="11" errors="0" skipped="0" failures="0">
  <properties>
[...]
</properties>
  <testcase name="verificarToString" classname="com.smartstore.model.DetallePedidoTest" time="0.024"/>
  <testcase name="productoNuloDebeLanzarExcepcion" classname="com.smartstore.model.DetallePedidoTest" time="0.003"/>
  <testcase name="crearDetalleCorrectamente" classname="com.smartstore.model.DetallePedidoTest" time="0.002"/>
  <testcase name="cambiarPrecioUnitario" classname="com.smartstore.model.DetallePedidoTest" time="0.091"/>
  <testcase name="precioNegativoDebeLanzarExcepcion" classname="com.smartstore.model.DetallePedidoTest" time="0.003"/>
  <testcase name="cantidadCeroDebeLanzarExcepcion" classname="com.smartstore.model.DetallePedidoTest" time="0.003"/>
  <testcase name="cantidadNegativaDebeLanzarExcepcion" classname="com.smartstore.model.DetallePedidoTest" time="0.006"/>
  <testcase name="precioCeroDebeLanzarExcepcion" classname="com.smartstore.model.DetallePedidoTest" time="0.005"/>
  <testcase name="calcularSubtotal" classname="com.smartstore.model.DetallePedidoTest" time="0.001"/>
  <testcase name="cambiarProducto" classname="com.smartstore.model.DetallePedidoTest" time="0.008"/>
  <testcase name="cambiarCantidad" classname="com.smartstore.model.DetallePedidoTest" time="0.003"/>
</testsuite>